Raw input: {"booking_reference":"8423","room_number":"200","ac_type":"A/C","meal_plan":"Breakfast, Lunch, Dinner","remarks":"Honey Moon Room","value_type":"Subtotal","amount_type":"FOC","total_amount":"FOC","advance_payment":"FOC","pending_amount":"FOC"}
Raw input: {"booking_reference":"8425","room_number":"200","ac_type":"Non A/C","meal_plan":"Breakfast, Lunch, Dinner","remarks":"Honey Moon Room","value_type":"Subtotal","amount_type":"Amount","total_amount":"35000","advance_payment":"17500","pending_amount":"17500.00"}
Raw input: {"booking_reference":"8425","room_number":"200","ac_type":"Non A/C","meal_plan":"Breakfast, Lunch, Dinner","remarks":"Honey Moon Room","value_type":"Subtotal","amount_type":"Amount","total_amount":"35000","advance_payment":"17500","pending_amount":"17500.00"}
Raw input: {"booking_reference":"8425","nic":"200328100859","contact_no":"0725876139 / 0706773588","room_number":"204","ac_type":"A/C","meal_plan":"Breakfast, Lunch, Dinner, Room Only","remarks":"room","value_type":"Subtotal","amount_type":"FOC","total_amount":"FOC","advance_payment":"FOC","pending_amount":"FOC"}
Error: Invalid NIC format. Expected 9 digits followed by V, v, X, or x (e.g., 123456789V)
Raw input: {"booking_reference":"8425","nic":"200328100859","contact_no":"0725876139 / 0706773588","room_number":"204","ac_type":"A/C","meal_plan":"Breakfast, Lunch, Dinner, Room Only","remarks":"room","value_type":"Subtotal","amount_type":"FOC","total_amount":"FOC","advance_payment":"FOC","pending_amount":"FOC"}
Error: Invalid NIC format. Expected 9 digits followed by V, v, X, or x (e.g., 123456789V)
Raw input: {"booking_reference":"8425","nic":"200328100859","contact_no":"0725876139 / 0706773588","room_number":"204","ac_type":"A/C","meal_plan":"Breakfast, Lunch, Dinner, Room Only","remarks":"room","value_type":"Subtotal","amount_type":"FOC","total_amount":"FOC","advance_payment":"FOC","pending_amount":"FOC"}
Error: Invalid NIC format. Expected 9 digits followed by V, v, X, or x (e.g., 123456789V)
Raw input: {"booking_reference":"8423","nic":"200328100857","contact_no":"0725876139 / 0706773588","room_number":"203/204/205","ac_type":"A/C","meal_plan":"Breakfast, Lunch, Dinner, Room Only","remarks":"rooms","value_type":"Subtotal","amount_type":"FOC","total_amount":"FOC","advance_payment":"FOC","pending_amount":"FOC"}
Error: Invalid NIC format. Expected 9 digits followed by V, v, X, or x (e.g., 123456789V)
Raw input: {"booking_reference":"8423","nic":"200328100857","contact_no":"0725876139 / 0706773588","room_number":"203/204/205","ac_type":"A/C","meal_plan":"Breakfast, Lunch, Dinner, Room Only","remarks":"rooms","value_type":"Subtotal","amount_type":"FOC","total_amount":"FOC","advance_payment":"FOC","pending_amount":"FOC"}
Error: SQLSTATE[HY000]: General error: 1366 Incorrect decimal value: 'FOC' for column 'total_amount' at row 1
Raw input: {"booking_reference":"8423","nic":"200328100857","contact_no":"0725876139 / 0706773588","room_number":"203/204/205","ac_type":"A/C","meal_plan":"Breakfast, Lunch, Dinner, Room Only","remarks":"rooms","value_type":"Subtotal","amount_type":"FOC","total_amount":"FOC","advance_payment":"FOC","pending_amount":"FOC"}
Error: SQLSTATE[HY000]: General error: 1366 Incorrect decimal value: 'FOC' for column 'total_amount' at row 1
Raw input: {"booking_reference":"8423","nic":"200328100857","contact_no":"0725876139 / 0706773588","room_number":"203/204/205","ac_type":"A/C","meal_plan":"Breakfast, Lunch, Dinner, Room Only","remarks":"rooms","value_type":"Subtotal","amount_type":"FOC","total_amount":"FOC","advance_payment":"FOC","pending_amount":"FOC"}
Error: SQLSTATE[HY000]: General error: 1366 Incorrect decimal value: 'FOC' for column 'total_amount' at row 1
Raw input: {"booking_reference":"8423","nic":"200328100857","contact_no":"0725876139 / 0706773588","room_number":"203/204/205","ac_type":"A/C","meal_plan":"Breakfast, Lunch, Dinner, Room Only","remarks":"rooms","value_type":"Subtotal","amount_type":"FOC","total_amount":"FOC","advance_payment":"FOC","pending_amount":"FOC"}
Raw input: {"booking_reference":"8425","nic":"200328100859","contact_no":"0725876139 / 0706773588","rooms":[{"number":"203","type":"Changing","hotel":"Grand View Lodge"},{"number":"204","type":"Standard","hotel":"Paragon"},{"number":"205","type":"Honeymoon","hotel":"Sky"},{"number":"206","type":"Anniversary","hotel":"Rose Garden Hotel"},{"number":"207","type":"Standard","hotel":"Sapthpadhi Hotel"}],"ac_type":"A/C","meal_plan":"Breakfast, Lunch, Dinner, Room Only","remarks":"Rooms","value_type":"Subtotal","amount_type":"FOC","total_amount":"FOC","advance_payment":"FOC","pending_amount":"FOC"}
Raw input: {"booking_reference":"8425","nic":"200328100859","contact_no":"0725876139 / 0706773588","rooms":[{"number":"203","type":"Standard","hotel":"Grand View Lodge"}],"ac_type":"A/C","meal_plan":"Breakfast, Lunch, Dinner","remarks":"Hall","value_type":"Subtotal","amount_type":"FOC","total_amount":"FOC","advance_payment":"FOC","pending_amount":"FOC"}
Raw input: {"booking_reference":"8425","nic":"200328100858/20034587912","contact_no":"0725876139 / 0706773588","rooms":[{"number":"203","type":"Standard","hotel":"Paragon"},{"number":"202","type":"Changing","hotel":"Sky"}],"ac_type":"A/C","meal_plan":"Breakfast, Lunch, Dinner","remarks":"Hall","value_type":"Subtotal","amount_type":"Amount","total_amount":"340000","advance_payment":"200000","pending_amount":"140000.00"}
Error: Invalid NIC format. Expected either 9 digits followed by V, v, X, or x or 12 digits
Raw input: {"booking_reference":"8425","nic":"200328100859 / 2003456789V","contact_no":"0725876139 / 0706773588","rooms":[{"number":"203","type":"Changing","hotel":"Grand View Lodge"},{"number":"209","type":"Standard","hotel":"Paragon"}],"ac_type":"A/C","meal_plan":"Breakfast, Lunch, Dinner","remarks":"Hall","value_type":"Subtotal","amount_type":"FOC","total_amount":"FOC","advance_payment":"FOC","pending_amount":"FOC"}
Error: Invalid NIC format: 2003456789V. Expected either 9 digits followed by V, v, X, or x or 12 digits
Raw input: {"booking_reference":"8425","nic":"200328100859 / 557651519V","contact_no":"0725876139 / 0706773588","rooms":[{"number":"203","type":"Changing","hotel":"Grand View Lodge"},{"number":"209","type":"Standard","hotel":"Paragon"}],"ac_type":"A/C","meal_plan":"Breakfast, Lunch, Dinner","remarks":"Hall","value_type":"Subtotal","amount_type":"FOC","total_amount":"FOC","advance_payment":"FOC","pending_amount":"FOC"}
Error: Invoice not found
Error: Invoice not found
Error: Invoice not found
Error: Invoice not found
Error: Invoice not found
Raw input: {"booking_reference":"8436","nic":"200145673891","contact_no":"0725876139 / 0706773588","rooms":[{"number":"201","type":"Changing","hotel":"Paragon"},{"number":"202","type":"Changing","hotel":"Paragon"}],"ac_type":"Non A/C","meal_plan":null,"remarks":"FOC","value_type":"Subtotal","amount_type":"FOC","total_amount":"FOC","advance_payment":"FOC","pending_amount":"FOC"}
Error: Invoice number is required
